<?xml version="1.0" encoding="UTF-8"?>
<Site BuildName="(empty)"
	BuildStamp="20210621-1725-Experimental"
	Name="(empty)"
	Generator="ctest-3.16.3"
	CompilerName=""
	CompilerVersion=""
	OSName="Linux"
	Hostname="miron-root"
	OSRelease="5.8.0-55-generic"
	OSVersion="#62-Ubuntu SMP Tue Jun 1 08:21:18 UTC 2021"
	OSPlatform="x86_64"
	Is64Bits="1"
	VendorString="GenuineIntel"
	VendorID="Intel Corporation"
	FamilyID="6"
	ModelID="165"
	ProcessorCacheSize="16384"
	NumberOfLogicalCPU="16"
	NumberOfPhysicalCPU="8"
	TotalVirtualMemory="8191"
	TotalPhysicalMemory="7874"
	LogicalProcessorsPerPhysical="2"
	ProcessorClockFrequency="4600.6"
	>
	<Testing>
		<StartDateTime>Jun 21 20:27 MSK</StartDateTime>
		<StartTestTime>1624296450</StartTestTime>
		<TestList/>
		<EndDateTime>Jun 21 20:27 MSK</EndDateTime>
		<EndTestTime>1624296450</EndTestTime>
		<ElapsedMinutes>0</ElapsedMinutes>
	</Testing>
</Site>
